[debug] [2022-05-12T13:36:54.135Z] ----------------------------------------------------------------------
[debug] [2022-05-12T13:36:54.137Z] Command:       C:\Program Files\nodejs\node.exe C:\Users\DELL\AppData\Roaming\npm\node_modules\firebase-tools\lib\bin\firebase.js init
[debug] [2022-05-12T13:36:54.137Z] CLI Version:   10.9.2
[debug] [2022-05-12T13:36:54.138Z] Platform:      win32
[debug] [2022-05-12T13:36:54.138Z] Node Version:  v16.13.1
[debug] [2022-05-12T13:36:54.141Z] Time:          Thu May 12 2022 19:36:54 GMT+0600 (East Kazakhstan Time)
[debug] [2022-05-12T13:36:54.141Z] ----------------------------------------------------------------------
[debug] 
[debug] [2022-05-12T13:36:54.144Z] >>> [apiv2][query] GET https://firebase-public.firebaseio.com/cli.json [none]
[debug] [2022-05-12T13:36:54.167Z] > command requires scopes: ["email","openid","https://www.googleapis.com/auth/cloudplatformprojects.readonly","https://www.googleapis.com/auth/firebase","https://www.googleapis.com/auth/cloud-platform"]
[debug] [2022-05-12T13:36:54.168Z] > authorizing via signed-in user (atiq94.ar@gmail.com)
[info] 
     ######## #### ########  ######## ########     ###     ######  ########
     ##        ##  ##     ## ##       ##     ##  ##   ##  ##       ##
     ######    ##  ########  ######   ########  #########  ######  ######
     ##        ##  ##    ##  ##       ##     ## ##     ##       ## ##
     ##       #### ##     ## ######## ########  ##     ##  ######  ########

You're about to initialize a Firebase project in this directory:

  C:\Projects\awesome-electronics-assignment

Before we get started, keep in mind:

  * You are currently outside your home directory

[debug] [2022-05-12T13:36:55.260Z] <<< [apiv2][status] GET https://firebase-public.firebaseio.com/cli.json 200
[debug] [2022-05-12T13:36:55.260Z] <<< [apiv2][body] GET https://firebase-public.firebaseio.com/cli.json {"cloudBuildErrorAfter":1594252800000,"cloudBuildWarnAfter":1590019200000,"defaultNode10After":1594252800000,"minVersion":"3.0.5","node8DeploysDisabledAfter":1613390400000,"node8RuntimeDisabledAfter":1615809600000,"node8WarnAfter":1600128000000}
